 nn =          841         841           1
 np3 =            1           1           1
 Src nt =         3001  s
 dt =    2.00000009E-03
 P wave starts at    160.000000      s
 P wave ends at    180.000000      s
Endianness of Input data is different with this machine
Input Statistics
Dimension: 
       nx=   841       ny=   841       nz=     1       nt=  3001
 New origin is    10499.4160       10499.8916       0.00000000    

 P wave allmin is    164.925858      sec
 P wave allmax is    168.434753      sec
   0.00000000    
   0.00000000    
   2.99982422E+11
   6.05653172E+11
   9.10032437E+11
   1.20585375E+12
   2.68768615E+12
   4.61092422E+12
   7.37517293E+12
   1.01832028E+13
   1.42702407E+13
   2.07803667E+13
   2.74228692E+13
   3.49245392E+13
   4.48599184E+13
   5.66259310E+13
   6.98850109E+13
   8.44069706E+13
   1.01390060E+14
   1.21292318E+14
   1.43769450E+14
   1.66521603E+14
   1.94314068E+14
   2.24741932E+14
   2.57392390E+14
   2.92757017E+14
   3.32081402E+14
   3.75270016E+14
   4.21780183E+14
   4.71043358E+14
   5.24567878E+14
   5.84331173E+14
   6.46489483E+14
   7.12319319E+14
   7.84093726E+14
   8.60734867E+14
   9.42750086E+14
   1.02792620E+15
   1.11914922E+15
   1.21750284E+15
   1.32151124E+15
   1.42844921E+15
   1.54376036E+15
   1.66572710E+15
   1.79282417E+15
   1.92645698E+15
   2.06584867E+15
   2.21304847E+15
   2.36558719E+15
   2.52335556E+15
   2.68837680E+15
   2.86078001E+15
   3.03784970E+15
   3.22091194E+15
   3.41222428E+15
   3.60887043E+15
   3.81336161E+15
   4.02212225E+15
   4.23846807E+15
   4.46315070E+15
   4.69239887E+15
   4.92743398E+15
   5.16990851E+15
   5.41980903E+15
   5.67481412E+15
   5.93698054E+15
   6.20494194E+15
   6.48134563E+15
   6.76404145E+15
   7.05121317E+15
   7.34757235E+15
   7.64945218E+15
   7.95764883E+15
   8.27239639E+15
   8.59470469E+15
   8.92264316E+15
   9.25805326E+15
   9.59899636E+15
   9.94729243E+15
   1.03045167E+16
   1.06645037E+16
   1.10328218E+16
   1.14080054E+16
   1.17901845E+16
   1.21781833E+16
   1.25724505E+16
   1.29734480E+16
   1.33829527E+16
   1.37988666E+16
   1.42183292E+16
   1.46485357E+16
   1.50839327E+16
   1.55254725E+16
   1.59742976E+16
   1.64287385E+16
   1.68912238E+16
   1.73593516E+16
   1.78345618E+16
   1.83161135E+16
   1.88070111E+16
   1.93004320E+16
   1.98034585E+16
   2.03133828E+16
   2.08284375E+16
   2.13509181E+16
   2.18784625E+16
   2.24147407E+16
   2.29582795E+16
   2.35073997E+16
   2.40618563E+16
   2.46267004E+16
   2.51975466E+16
   2.57727909E+16
   2.63561742E+16
   2.69437880E+16
   2.75416646E+16
   2.81440123E+16
   2.87533178E+16
   2.93706593E+16
   2.99950122E+16
   3.06245256E+16
   3.12620254E+16
   3.19069405E+16
   3.25552057E+16
   3.32128919E+16
   3.38754250E+16
   3.45472545E+16
   3.52258808E+16
   3.59084671E+16
   3.66000534E+16
   3.72995103E+16
   3.80048385E+16
   3.87137271E+16
   3.94319917E+16
   4.01556464E+16
   4.08889906E+16
   4.16265696E+16
   4.23696548E+16
   4.31245683E+16
   4.38835621E+16
   4.46487792E+16
   4.54204775E+16
   4.62002803E+16
   4.69851813E+16
   4.77779678E+16
   4.85765654E+16
   4.93831947E+16
   5.01980745E+16
   5.10148484E+16
   5.18439489E+16
   5.26779629E+16
   5.35181186E+16
   5.43629043E+16
   5.52164131E+16
   5.60772491E+16
   5.69458848E+16
   5.78185577E+16
   5.86962600E+16
   5.95886769E+16
   6.04831167E+16
   6.13835738E+16
   6.22915041E+16
   6.32060873E+16
   6.41297458E+16
   6.50565697E+16
   6.59904416E+16
   6.69320917E+16
   6.78837921E+16
   6.88359777E+16
   6.98006961E+16
   7.07711654E+16
   7.17465568E+16
   7.27303062E+16
   7.37186383E+16
   7.47157493E+16
   7.57191825E+16
   7.67278813E+16
   7.77432717E+16
   7.87717618E+16
   7.98023048E+16
   8.08384571E+16
   8.18846167E+16
   8.29350883E+16
   8.39954041E+16
   8.50560033E+16
   8.61254072E+16
   8.72054884E+16
   8.82935239E+16
   8.93832945E+16
   9.04828491E+16
   9.15912857E+16
   9.27022047E+16
   9.38233974E+16
   9.49456380E+16
   9.60795093E+16
   9.72199348E+16
   9.83646123E+16
   9.95192627E+16
   1.00682228E+17
   1.01850099E+17
